#
# There is insufficient memory for the Java Runtime Environment to continue.
# Native memory allocation (mmap) failed to map 3145728 bytes for G1 virtual space
# Possible reasons:
#   The system is out of physical RAM or swap space
#   The process is running with CompressedOops enabled, and the Java Heap may be blocking the growth of the native heap
# Possible solutions:
#   Reduce memory load on the system
#   Increase physical memory or swap space
#   Check if swap backing store is full
#   Decrease Java heap size (-Xmx/-Xms)
#   Decrease number of Java threads
#   Decrease Java thread stack sizes (-Xss)
#   Set larger code cache with -XX:ReservedCodeCacheSize=
#   JVM is running with Unscaled Compressed Oops mode in which the Java heap is
#     placed in the first 4GB address space. The Java Heap base address is the
#     maximum limit for the native heap growth. Please use -XX:HeapBaseMinAddress
#     to set the Java Heap base and to place the Java Heap above 4GB virtual address.
# This output file may be truncated or incomplete.
#
#  Out of Memory Error (os_windows.cpp:3825), pid=9860, tid=352
#
# JRE version: OpenJDK Runtime Environment (17.0.10) (build 17.0.10+0--11572160)
# Java VM: OpenJDK 64-Bit Server VM (17.0.10+0--11572160, mixed mode, tiered, compressed oops, compressed class ptrs, g1 gc, windows-amd64)
# No core dump will be written. Minidumps are not enabled by default on client versions of Windows
#

---------------  S U M M A R Y ------------

Command Line: --add-opens=java.base/java.util=ALL-UNNAMED --add-opens=java.base/java.lang=ALL-UNNAMED --add-opens=java.base/java.lang.invoke=ALL-UNNAMED --add-opens=java.prefs/java.util.prefs=ALL-UNNAMED --add-opens=java.base/java.nio.charset=ALL-UNNAMED --add-opens=java.base/java.net=ALL-UNNAMED --add-opens=java.base/java.util.concurrent.atomic=ALL-UNNAMED -Xmx2048m -Dfile.encoding=UTF-8 -Duser.country=BR -Duser.language=pt -Duser.variant -javaagent:C:\Users\charles-pc\.gradle\wrapper\dists\gradle-8.6-bin\afr5mpiioh2wthjmwnkmdsd5w\gradle-8.6\lib\agents\gradle-instrumentation-agent-8.6.jar org.gradle.launcher.daemon.bootstrap.GradleDaemon 8.6

Host: AMD Ryzen 5 1600 Six-Core Processor            , 6 cores, 7G,  Windows 10 , 64 bit Build 19041 (10.0.19041.3636)
Time: Tue Jun  4 14:54:02 2024 Hora oficial do Brasil elapsed time: 27.796202 seconds (0d 0h 0m 27s)

---------------  T H R E A D  ---------------

Current thread (0x000001947e520270):  VMThread "VM Thread" [stack: 0x000000217dd00000,0x000000217de00000] [id=352]

Stack: [0x000000217dd00000,0x000000217de00000]
Native frames: (J=compiled Java code, j=interpreted, Vv=VM code, C=native code)
V  [jvm.dll+0x688e89]
V  [jvm.dll+0x84247a]
V  [jvm.dll+0x8440be]
V  [jvm.dll+0x844723]
V  [jvm.dll+0x24be0f]
V  [jvm.dll+0x685c59]
V  [jvm.dll+0x67a50a]
V  [jvm.dll+0x30cbab]
V  [jvm.dll+0x314056]
V  [jvm.dll+0x363dce]
V  [jvm.dll+0x363fff]
V  [jvm.dll+0x2e2978]
V  [jvm.dll+0x2e5a66]
V  [jvm.dll+0x2f027a]
V  [jvm.dll+0x325240]
V  [jvm.dll+0x848e1b]
V  [jvm.dll+0x849b61]
V  [jvm.dll+0x84a07d]
V  [jvm.dll+0x84a454]
V  [jvm.dll+0x84a520]
V  [jvm.dll+0x7f0d1a]
V  [jvm.dll+0x687d05]
C  [ucrtbase.dll+0x21bb2]
C  [KERNEL32.DLL+0x17344]
C  [ntdll.dll+0x526b1]

VM_Operation (0x000000217d9ff980): G1PauseRemark, mode: safepoint, requested by thread 0x0000019473bb4a10


---------------  P R O C E S S  ---------------

Threads class SMR info:
_java_thread_list=0x000001941454dd20, length=43, elements={
0x0000019473b485b0, 0x000001947e6d5250, 0x000001947e6db000, 0x000001947e6b7ec0,
0x000001947e6b8890, 0x000001947e55df00, 0x000001947e55e7d0, 0x000001947e6fec30,
0x000001947e701960, 0x000001947e70aa40, 0x000001947e7f5e40, 0x000001947e9cfe60,
0x00000194141730d0, 0x0000019414160c90, 0x000001941413f320, 0x00000194133efb00,
0x00000194133effe0, 0x00000194717ef200, 0x00000194717f1f90, 0x00000194717ef710,
0x00000194717f0130, 0x00000194717f0640, 0x00000194717f0b50, 0x00000194717f1060,
0x00000194717f1570, 0x000001947eef33e0, 0x000001947eef1fa0, 0x000001947eef24b0,
0x000001947eef3e00, 0x000001947eef4310, 0x000001947eef4820, 0x000001947eef1070,
0x000001947eef29c0, 0x0000019414a54b50, 0x0000019414a52cf0, 0x0000019414a569b0,
0x0000019414a53c20, 0x0000019414a518b0, 0x0000019414a55a80, 0x0000019414a56ec0,
0x0000019414a564a0, 0x0000019414e238a0, 0x0000019414e22970
}

Java Threads: ( => current thread )
  0x0000019473b485b0 JavaThread "main" [_thread_blocked, id=8108, stack(0x000000217d700000,0x000000217d800000)]
  0x000001947e6d5250 JavaThread "Reference Handler" daemon [_thread_blocked, id=11492, stack(0x000000217de00000,0x000000217df00000)]
  0x000001947e6db000 JavaThread "Finalizer" daemon [_thread_blocked, id=7336, stack(0x000000217df00000,0x000000217e000000)]
  0x000001947e6b7ec0 JavaThread "Signal Dispatcher" daemon [_thread_blocked, id=3740, stack(0x000000217e000000,0x000000217e100000)]
  0x000001947e6b8890 JavaThread "Attach Listener" daemon [_thread_blocked, id=11600, stack(0x000000217e100000,0x000000217e200000)]
  0x000001947e55df00 JavaThread "Service Thread" daemon [_thread_blocked, id=6540, stack(0x000000217e200000,0x000000217e300000)]
  0x000001947e55e7d0 JavaThread "Monitor Deflation Thread" daemon [_thread_blocked, id=12012, stack(0x000000217e300000,0x000000217e400000)]
  0x000001947e6fec30 JavaThread "C2 CompilerThread0" daemon [_thread_blocked, id=8612, stack(0x000000217e400000,0x000000217e500000)]
  0x000001947e701960 JavaThread "C1 CompilerThread0" daemon [_thread_blocked, id=4748, stack(0x000000217e500000,0x000000217e600000)]
  0x000001947e70aa40 JavaThread "Sweeper thread" daemon [_thread_blocked, id=11372, stack(0x000000217e600000,0x000000217e700000)]
  0x000001947e7f5e40 JavaThread "Common-Cleaner" daemon [_thread_blocked, id=10808, stack(0x000000217e700000,0x000000217e800000)]
  0x000001947e9cfe60 JavaThread "Notification Thread" daemon [_thread_blocked, id=3520, stack(0x000000217e800000,0x000000217e900000)]
  0x00000194141730d0 JavaThread "Daemon health stats" [_thread_blocked, id=9580, stack(0x000000217ee00000,0x000000217ef00000)]
  0x0000019414160c90 JavaThread "Incoming local TCP Connector on port 62385" [_thread_in_native, id=400, stack(0x000000217ef00000,0x000000217f000000)]
  0x000001941413f320 JavaThread "Daemon periodic checks" [_thread_blocked, id=9608, stack(0x000000217f000000,0x000000217f100000)]
  0x00000194133efb00 JavaThread "Daemon" [_thread_blocked, id=3296, stack(0x000000217f100000,0x000000217f200000)]
  0x00000194133effe0 JavaThread "Handler for socket connection from /127.0.0.1:62385 to /127.0.0.1:62386" [_thread_in_native, id=10140, stack(0x000000217f200000,0x000000217f300000)]
  0x00000194717ef200 JavaThread "Cancel handler" [_thread_blocked, id=2292, stack(0x000000217f300000,0x000000217f400000)]
  0x00000194717f1f90 JavaThread "Daemon worker" [_thread_blocked, id=5452, stack(0x000000217f400000,0x000000217f500000)]
  0x00000194717ef710 JavaThread "Asynchronous log dispatcher for DefaultDaemonConnection: socket connection from /127.0.0.1:62385 to /127.0.0.1:62386" [_thread_blocked, id=7340, stack(0x000000217f500000,0x000000217f600000)]
  0x00000194717f0130 JavaThread "Stdin handler" [_thread_blocked, id=4428, stack(0x000000217f600000,0x000000217f700000)]
  0x00000194717f0640 JavaThread "Daemon client event forwarder" [_thread_blocked, id=3724, stack(0x000000217f700000,0x000000217f800000)]
  0x00000194717f0b50 JavaThread "Cache worker for journal cache (C:\Users\charles-pc\.gradle\caches\journal-1)" [_thread_blocked, id=5908, stack(0x000000217fa00000,0x000000217fb00000)]
  0x00000194717f1060 JavaThread "File lock request listener" [_thread_in_native, id=12128, stack(0x000000217fb00000,0x000000217fc00000)]
  0x00000194717f1570 JavaThread "Cache worker for file hash cache (C:\Users\charles-pc\.gradle\caches\8.6\fileHashes)" [_thread_blocked, id=6916, stack(0x000000217fc00000,0x000000217fd00000)]
  0x000001947eef33e0 JavaThread "File watcher server" daemon [_thread_in_native, id=12208, stack(0x000000217fd00000,0x000000217fe00000)]
  0x000001947eef1fa0 JavaThread "File watcher consumer" daemon [_thread_blocked, id=6920, stack(0x000000217fe00000,0x000000217ff00000)]
  0x000001947eef24b0 JavaThread "Cache worker for checksums cache (C:\Users\charles-pc\jogomobile\.gradle\8.6\checksums)" [_thread_blocked, id=11480, stack(0x000000217ff00000,0x0000002180000000)]
  0x000001947eef3e00 JavaThread "Cache worker for file hash cache (C:\Users\charles-pc\jogomobile\.gradle\8.6\fileHashes)" [_thread_blocked, id=676, stack(0x0000002100000000,0x0000002100100000)]
  0x000001947eef4310 JavaThread "Cache worker for cache directory md-supplier (C:\Users\charles-pc\.gradle\caches\8.6\md-supplier)" [_thread_blocked, id=1228, stack(0x0000002100100000,0x0000002100200000)]
  0x000001947eef4820 JavaThread "Cache worker for cache directory md-rule (C:\Users\charles-pc\.gradle\caches\8.6\md-rule)" [_thread_blocked, id=7504, stack(0x0000002100200000,0x0000002100300000)]
  0x000001947eef1070 JavaThread "Cache worker for file content cache (C:\Users\charles-pc\.gradle\caches\8.6\fileContent)" [_thread_blocked, id=1772, stack(0x0000002100300000,0x0000002100400000)]
  0x000001947eef29c0 JavaThread "jar transforms" [_thread_blocked, id=6400, stack(0x0000002100500000,0x0000002100600000)]
  0x0000019414a54b50 JavaThread "jar transforms Thread 2" [_thread_blocked, id=10944, stack(0x0000002100600000,0x0000002100700000)]
  0x0000019414a52cf0 JavaThread "jar transforms Thread 3" [_thread_blocked, id=528, stack(0x0000002100700000,0x0000002100800000)]
  0x0000019414a569b0 JavaThread "Cache worker for Build Output Cleanup Cache (C:\Users\charles-pc\jogomobile\.gradle\buildOutputCleanup)" [_thread_blocked, id=5848, stack(0x0000002100800000,0x0000002100900000)]
  0x0000019414a53c20 JavaThread "Unconstrained build operations" [_thread_blocked, id=6632, stack(0x0000002100900000,0x0000002100a00000)]
  0x0000019414a518b0 JavaThread "Unconstrained build operations Thread 2" [_thread_blocked, id=9992, stack(0x0000002100a00000,0x0000002100b00000)]
  0x0000019414a55a80 JavaThread "Unconstrained build operations Thread 3" [_thread_blocked, id=8288, stack(0x0000002100b00000,0x0000002100c00000)]
  0x0000019414a56ec0 JavaThread "Unconstrained build operations Thread 4" [_thread_blocked, id=10692, stack(0x0000002100c00000,0x0000002100d00000)]
  0x0000019414a564a0 JavaThread "Unconstrained build operations Thread 5" [_thread_blocked, id=11192, stack(0x0000002100d00000,0x0000002100e00000)]
  0x0000019414e238a0 JavaThread "jar transforms Thread 4" [_thread_blocked, id=9144, stack(0x0000002100e00000,0x0000002100f00000)]
  0x0000019414e22970 JavaThread "jar transforms Thread 5" [_thread_blocked, id=8484, stack(0x0000002100f00000,0x0000002101000000)]

Other Threads:
=>0x000001947e520270 VMThread "VM Thread" [stack: 0x000000217dd00000,0x000000217de00000] [id=352]
  0x000001947e9d0740 WatcherThread [stack: 0x000000217e900000,0x000000217ea00000] [id=10836]
  0x0000019473ba3bb0 GCTaskThread "GC Thread#0" [stack: 0x000000217d800000,0x000000217d900000] [id=6148]
  0x00000194130bbf20 GCTaskThread "GC Thread#1" [stack: 0x000000217ea00000,0x000000217eb00000] [id=9756]
  0x000001947f46c1b0 GCTaskThread "GC Thread#2" [stack: 0x000000217eb00000,0x000000217ec00000] [id=6104]
  0x00000194130bb9c0 GCTaskThread "GC Thread#3" [stack: 0x000000217ec00000,0x000000217ed00000] [id=11388]
  0x00000194135dfb70 GCTaskThread "GC Thread#4" [stack: 0x000000217ed00000,0x000000217ee00000] [id=3852]
  0x0000019414217040 GCTaskThread "GC Thread#5" [stack: 0x000000217f800000,0x000000217f900000] [id=2320]
  0x0000019473bb4a10 ConcurrentGCThread "G1 Main Marker" [stack: 0x000000217d900000,0x000000217da00000] [id=11928]
  0x0000019473bb8290 ConcurrentGCThread "G1 Conc#0" [stack: 0x000000217da00000,0x000000217db00000] [id=9332]
  0x00000194141c55e0 ConcurrentGCThread "G1 Conc#1" [stack: 0x000000217f900000,0x000000217fa00000] [id=8476]
  0x000001947e3c96b0 ConcurrentGCThread "G1 Refine#0" [stack: 0x000000217db00000,0x000000217dc00000] [id=11032]
  0x000001947edab9e0 ConcurrentGCThread "G1 Refine#1" [stack: 0x0000002100400000,0x0000002100500000] [id=10728]
  0x000001947e3c9ff0 ConcurrentGCThread "G1 Service" [stack: 0x000000217dc00000,0x000000217dd00000] [id=11136]

Threads with active compile tasks:

VM state: at safepoint (normal execution)

VM Mutex/Monitor currently owned by a thread:  ([mutex/lock_event])
[0x0000019473b448f0] Threads_lock - owner thread: 0x000001947e520270
[0x0000019473b450d0] Heap_lock - owner thread: 0x0000019473bb4a10

Heap address: 0x0000000080000000, size: 2048 MB, Compressed Oops mode: 32-bit

CDS archive(s) not mapped
Compressed class space mapped at: 0x0000000100000000-0x0000000140000000, reserved size: 1073741824
Narrow klass base: 0x0000000000000000, Narrow klass shift: 3, Narrow klass range: 0x140000000

GC Precious Log:
 CPUs: 6 total, 6 available
 Memory: 8122M
 Large Page Support: Disabled
 NUMA Support: Disabled
 Compressed Oops: Enabled (32-bit)
 Heap Region Size: 1M
 Heap Min Capacity: 8M
 Heap Initial Capacity: 128M
 Heap Max Capacity: 2G
 Pre-touch: Disabled
 Parallel Workers: 6
 Concurrent Workers: 2
 Concurrent Refinement Workers: 6
 Periodic GC: Disabled

Heap:
 garbage-first heap   total 78848K, used 46305K [0x0000000080000000, 0x0000000100000000)
  region size 1024K, 3 young (3072K), 2 survivors (2048K)
 Metaspace       used 55444K, committed 55872K, reserved 1114112K
  class space    used 7505K, committed 7680K, reserved 1048576K

Heap Regions: E=young(eden), S=young(survivor), O=old, HS=humongous(starts), HC=humongous(continues), CS=collection set, F=free, OA=open archive, CA=closed archive, TAMS=top-at-mark-start (previous, next)
|   0|0x0000000080000000, 0x0000000080100000, 0x0000000080100000|100%|HS|  |TAMS 0x0000000080100000, 0x0000000080000000| Complete 
|   1|0x0000000080100000, 0x0000000080200000, 0x0000000080200000|100%|HC|  |TAMS 0x0000000080200000, 0x0000000080100000| Complete 
|   2|0x0000000080200000, 0x0000000080300000, 0x0000000080300000|100%|HC|  |TAMS 0x0000000080300000, 0x0000000080200000| Complete 
|   3|0x0000000080300000, 0x0000000080400000, 0x0000000080400000|100%|HC|  |TAMS 0x0000000080400000, 0x0000000080300000| Complete 
|   4|0x0000000080400000, 0x0000000080500000, 0x0000000080500000|100%| O|  |TAMS 0x0000000080500000, 0x0000000080400000| Untracked 
|   5|0x0000000080500000, 0x0000000080600000, 0x0000000080600000|100%| O|  |TAMS 0x0000000080600000, 0x0000000080500000| Untracked 
|   6|0x0000000080600000, 0x0000000080700000, 0x0000000080700000|100%| O|  |TAMS 0x0000000080700000, 0x0000000080600000| Untracked 
|   7|0x0000000080700000, 0x0000000080800000, 0x0000000080800000|100%| O|  |TAMS 0x0000000080800000, 0x0000000080700000| Updating 
|   8|0x0000000080800000, 0x0000000080900000, 0x0000000080900000|100%| O|  |TAMS 0x0000000080900000, 0x0000000080800000| Untracked 
|   9|0x0000000080900000, 0x0000000080a00000, 0x0000000080a00000|100%| O|  |TAMS 0x0000000080a00000, 0x0000000080900000| Untracked 
|  10|0x0000000080a00000, 0x0000000080a11200, 0x0000000080b00000|  6%| O|  |TAMS 0x0000000080a11200, 0x0000000080a00000| Updating 
|  11|0x0000000080b00000, 0x0000000080c00000, 0x0000000080c00000|100%| O|  |TAMS 0x0000000080c00000, 0x0000000080b00000| Untracked 
|  12|0x0000000080c00000, 0x0000000080d00000, 0x0000000080d00000|100%| O|  |TAMS 0x0000000080d00000, 0x0000000080c00000| Untracked 
|  13|0x0000000080d00000, 0x0000000080e00000, 0x0000000080e00000|100%| O|  |TAMS 0x0000000080e00000, 0x0000000080d00000| Untracked 
|  14|0x0000000080e00000, 0x0000000080f00000, 0x0000000080f00000|100%| O|  |TAMS 0x0000000080f00000, 0x0000000080e00000| Untracked 
|  15|0x0000000080f00000, 0x0000000081000000, 0x0000000081000000|100%| O|  |TAMS 0x0000000081000000, 0x0000000080f00000| Untracked 
|  16|0x0000000081000000, 0x0000000081100000, 0x0000000081100000|100%| O|  |TAMS 0x0000000081100000, 0x0000000081000000| Untracked 
|  17|0x0000000081100000, 0x0000000081200000, 0x0000000081200000|100%| O|  |TAMS 0x0000000081200000, 0x0000000081100000| Untracked 
|  18|0x0000000081200000, 0x0000000081300000, 0x0000000081300000|100%| O|  |TAMS 0x0000000081300000, 0x0000000081200000| Untracked 
|  19|0x0000000081300000, 0x0000000081400000, 0x0000000081400000|100%| O|  |TAMS 0x0000000081400000, 0x0000000081300000| Untracked 
|  20|0x0000000081400000, 0x0000000081500000, 0x0000000081500000|100%| O|  |TAMS 0x0000000081500000, 0x0000000081400000| Untracked 
|  21|0x0000000081500000, 0x0000000081600000, 0x0000000081600000|100%| O|  |TAMS 0x0000000081600000, 0x0000000081500000| Untracked 
|  22|0x0000000081600000, 0x0000000081700000, 0x0000000081700000|100%| O|  |TAMS 0x0000000081700000, 0x0000000081600000| Updating 
|  23|0x0000000081700000, 0x0000000081800000, 0x0000000081800000|100%| O|  |TAMS 0x0000000081800000, 0x0000000081700000| Updating 
|  24|0x0000000081800000, 0x0000000081900000, 0x0000000081900000|100%| O|  |TAMS 0x0000000081900000, 0x0000000081800000| Untracked 
|  25|0x0000000081900000, 0x0000000081a00000, 0x0000000081a00000|100%| O|  |TAMS 0x0000000081a00000, 0x0000000081900000| Updating 
|  26|0x0000000081a00000, 0x0000000081b00000, 0x0000000081b00000|100%| O|  |TAMS 0x0000000081b00000, 0x0000000081a00000| Updating 
|  27|0x0000000081b00000, 0x0000000081c00000, 0x0000000081c00000|100%| O|  |TAMS 0x0000000081c00000, 0x0000000081b00000| Untracked 
|  28|0x0000000081c00000, 0x0000000081d00000, 0x0000000081d00000|100%| O|  |TAMS 0x0000000081d00000, 0x0000000081c00000| Updating 
|  29|0x0000000081d00000, 0x0000000081e00000, 0x0000000081e00000|100%| O|  |TAMS 0x0000000081e00000, 0x0000000081d00000| Untracked 
|  30|0x0000000081e00000, 0x0000000081f00000, 0x0000000081f00000|100%| O|  |TAMS 0x0000000081f00000, 0x0000000081e00000| Untracked 
|  31|0x0000000081f00000, 0x0000000082000000, 0x0000000082000000|100%| O|  |TAMS 0x0000000082000000, 0x0000000081f00000| Untracked 
|  32|0x0000000082000000, 0x0000000082100000, 0x0000000082100000|100%| O|  |TAMS 0x0000000082100000, 0x0000000082000000| Untracked 
|  33|0x0000000082100000, 0x0000000082200000, 0x0000000082200000|100%| O|  |TAMS 0x0000000082200000, 0x0000000082100000| Untracked 
|  34|0x0000000082200000, 0x0000000082300000, 0x0000000082300000|100%| O|  |TAMS 0x0000000082300000, 0x0000000082200000| Untracked 
|  35|0x0000000082300000, 0x0000000082400000, 0x0000000082400000|100%| O|  |TAMS 0x0000000082400000, 0x0000000082300000| Untracked 
|  36|0x0000000082400000, 0x0000000082500000, 0x0000000082500000|100%| O|  |TAMS 0x0000000082500000, 0x0000000082400000| Untracked 
|  37|0x0000000082500000, 0x0000000082600000, 0x0000000082600000|100%| O|  |TAMS 0x0000000082600000, 0x0000000082500000| Untracked 
|  38|0x0000000082600000, 0x000000008264fc00, 0x0000000082700000| 31%| O|  |TAMS 0x000000008264fc00, 0x0000000082600000| Updating 
|  39|0x0000000082700000, 0x0000000082800000, 0x0000000082800000|100%|HS|  |TAMS 0x0000000082800000, 0x0000000082700000| Complete 
|  40|0x0000000082800000, 0x0000000082900000, 0x0000000082900000|100%|HS|  |TAMS 0x0000000082900000, 0x0000000082800000| Complete 
|  41|0x0000000082900000, 0x0000000082a00000, 0x0000000082a00000|100%|HC|  |TAMS 0x0000000082a00000, 0x0000000082900000| Complete 
|  42|0x0000000082a00000, 0x0000000082b00000, 0x0000000082b00000|100%|HS|  |TAMS 0x0000000082b00000, 0x0000000082a00000| Complete 
|  43|0x0000000082b00000, 0x0000000082c00000, 0x0000000082c00000|100%|HS|  |TAMS 0x0000000082b00000, 0x0000000082b00000| Complete 
|  44|0x0000000082c00000, 0x0000000082d00000, 0x0000000082d00000|100%|HC|  |TAMS 0x0000000082c00000, 0x0000000082c00000| Complete 
|  45|0x0000000082d00000, 0x0000000082d00000, 0x0000000082e00000|  0%| F|  |TAMS 0x0000000082d00000, 0x0000000082d00000| Untracked 
|  46|0x0000000082e00000, 0x0000000082e00000, 0x0000000082f00000|  0%| F|  |TAMS 0x0000000082e00000, 0x0000000082e00000| Untracked 
|  47|0x0000000082f00000, 0x0000000082f00000, 0x0000000083000000|  0%| F|  |TAMS 0x0000000082f00000, 0x0000000082f00000| Untracked 
|  48|0x0000000083000000, 0x0000000083000000, 0x0000000083100000|  0%| F|  |TAMS 0x0000000083000000, 0x0000000083000000| Untracked 
|  49|0x0000000083100000, 0x0000000083100000, 0x0000000083200000|  0%| F|  |TAMS 0x0000000083100000, 0x0000000083100000| Untracked 
|  50|0x0000000083200000, 0x0000000083200000, 0x0000000083300000|  0%| F|  |TAMS 0x0000000083200000, 0x0000000083200000| Untracked 
|  51|0x0000000083300000, 0x0000000083300000, 0x0000000083400000|  0%| F|  |TAMS 0x0000000083300000, 0x0000000083300000| Untracked 
|  52|0x0000000083400000, 0x0000000083400000, 0x0000000083500000|  0%| F|  |TAMS 0x0000000083400000, 0x0000000083400000| Untracked 
|  53|0x0000000083500000, 0x0000000083500000, 0x0000000083600000|  0%| F|  |TAMS 0x0000000083500000, 0x0000000083500000| Untracked 
|  54|0x0000000083600000, 0x0000000083600000, 0x0000000083700000|  0%| F|  |TAMS 0x0000000083600000, 0x0000000083600000| Untracked 
|  55|0x0000000083700000, 0x0000000083700000, 0x0000000083800000|  0%| F|  |TAMS 0x0000000083700000, 0x0000000083700000| Untracked 
|  56|0x0000000083800000, 0x0000000083800000, 0x0000000083900000|  0%| F|  |TAMS 0x0000000083800000, 0x0000000083800000| Untracked 
|  57|0x0000000083900000, 0x0000000083900000, 0x0000000083a00000|  0%| F|  |TAMS 0x0000000083900000, 0x0000000083900000| Untracked 
|  58|0x0000000083a00000, 0x0000000083a00000, 0x0000000083b00000|  0%| F|  |TAMS 0x0000000083a00000, 0x0000000083a00000| Untracked 
|  59|0x0000000083b00000, 0x0000000083b00000, 0x0000000083c00000|  0%| F|  |TAMS 0x0000000083b00000, 0x0000000083b00000| Untracked 
|  60|0x0000000083c00000, 0x0000000083c00000, 0x0000000083d00000|  0%| F|  |TAMS 0x0000000083c00000, 0x0000000083c00000| Untracked 
|  61|0x0000000083d00000, 0x0000000083d00000, 0x0000000083e00000|  0%| F|  |TAMS 0x0000000083d00000, 0x0000000083d00000| Untracked 
|  62|0x0000000083e00000, 0x0000000083e00000, 0x0000000083f00000|  0%| F|  |TAMS 0x0000000083e00000, 0x0000000083e00000| Untracked 
|  63|0x0000000083f00000, 0x0000000083f00000, 0x0000000084000000|  0%| F|  |TAMS 0x0000000083f00000, 0x0000000083f00000| Untracked 
|  64|0x0000000084000000, 0x0000000084000000, 0x0000000084100000|  0%| F|  |TAMS 0x0000000084000000, 0x0000000084000000| Untracked 
|  65|0x0000000084100000, 0x0000000084100000, 0x0000000084200000|  0%| F|  |TAMS 0x0000000084100000, 0x0000000084100000| Untracked 
|  66|0x0000000084200000, 0x0000000084200000, 0x0000000084300000|  0%| F|  |TAMS 0x0000000084200000, 0x0000000084200000| Untracked 
|  67|0x0000000084300000, 0x0000000084300000, 0x0000000084400000|  0%| F|  |TAMS 0x0000000084300000, 0x0000000084300000| Untracked 
|  68|0x0000000084400000, 0x0000000084400000, 0x0000000084500000|  0%| F|  |TAMS 0x0000000084400000, 0x0000000084400000| Untracked 
|  69|0x0000000084500000, 0x0000000084500000, 0x0000000084600000|  0%| F|  |TAMS 0x0000000084500000, 0x0000000084500000| Untracked 
|  70|0x0000000084600000, 0x0000000084600000, 0x0000000084700000|  0%| F|  |TAMS 0x0000000084600000, 0x0000000084600000| Untracked 
|  71|0x0000000084700000, 0x0000000084700000, 0x0000000084800000|  0%| F|  |TAMS 0x0000000084700000, 0x0000000084700000| Untracked 
|  72|0x0000000084800000, 0x0000000084800000, 0x0000000084900000|  0%| F|  |TAMS 0x0000000084800000, 0x0000000084800000| Untracked 
|  73|0x0000000084900000, 0x0000000084900000, 0x0000000084a00000|  0%| F|  |TAMS 0x0000000084900000, 0x0000000084900000| Untracked 
|  74|0x0000000084a00000, 0x0000000084ad79a0, 0x0000000084b00000| 84%| S|CS|TAMS 0x0000000084a00000, 0x0000000084a00000| Complete 
|  75|0x0000000084b00000, 0x0000000084c00000, 0x0000000084c00000|100%| S|CS|TAMS 0x0000000084b00000, 0x0000000084b00000| Complete 
| 127|0x0000000087f00000, 0x0000000087f00a60, 0x0000000088000000|  0%| E|  |TAMS 0x0000000087f00000, 0x0000000087f00000| Complete 

Card table byte_map: [0x0000019477500000,0x0000019477900000] _byte_map_base: 0x0000019477100000

Marking Bits (Prev, Next): (CMBitMap*) 0x0000019473ba4120, (CMBitMap*) 0x0000019473ba40e0
 Prev Bits: [0x0000019479d00000, 0x000001947bd00000)
 Next Bits: [0x0000019477d00000, 0x0000019479d00000)

Polling page: 0x00000194732d0000

Metaspace:

Usage:
  Non-class:     46.82 MB used.
      Class:      7.33 MB used.
       Both:     54.15 MB used.

Virtual space:
  Non-class space:       64.00 MB reserved,      47.06 MB ( 74%) committed,  1 nodes.
      Class space:        1.00 GB reserved,       7.50 MB ( <1%) committed,  1 nodes.
             Both:        1.06 GB reserved,      54.56 MB (  5%) committed. 

Chunk freelists:
   Non-Class:  132.00 KB
       Class:  8.32 MB
        Both:  8.45 MB

MaxMetaspaceSize: unlimited
CompressedClassSpaceSize: 1.00 GB
Initial GC threshold: 21.00 MB
Current GC threshold: 90.94 MB
CDS: off
MetaspaceReclaimPolicy: balanced
 - commit_granule_bytes: 65536.
 - commit_granule_words: 8192.
 - virtual_space_node_default_size: 8388608.
 - enlarge_chunks_in_place: 1.
 - new_chunks_are_fully_committed: 0.
 - uncommit_free_chunks: 1.
 - use_allocation_guard: 0.
 - handle_deallocations: 1.


Internal statistics:

num_allocs_failed_limit: 6.
num_arena_births: 532.
num_arena_deaths: 12.
num_vsnodes_births: 2.
num_vsnodes_deaths: 0.
num_space_committed: 873.
num_space_uncommitted: 0.
num_chunks_returned_to_freelist: 24.
num_chunks_taken_from_freelist: 2373.
num_chunk_merges: 12.
num_chunk_splits: 1533.
num_chunks_enlarged: 1045.
num_inconsistent_stats: 0.

CodeHeap 'non-profiled nmethods': size=120000Kb used=2528Kb max_used=3222Kb free=117471Kb
 bounds [0x0000019407ad0000, 0x0000019407e00000, 0x000001940f000000]
CodeHeap 'profiled nmethods': size=120000Kb used=10062Kb max_used=11755Kb free=109937Kb
 bounds [0x0000019400000000, 0x0000019400b80000, 0x0000019407530000]
CodeHeap 'non-nmethods': size=5760Kb used=2315Kb max_used=2360Kb free=3444Kb
 bounds [0x0000019407530000, 0x00000194077a0000, 0x0000019407ad0000]
 total_blobs=6338 nmethods=5508 adapters=742
 compilation: enabled
              stopped_count=0, restarted_count=0
 full_count=0

Compilation events (20 events):
Event: 26.369 Thread 0x000001947e701960 nmethod 6323 0x0000019400318510 code [0x00000194003186c0, 0x0000019400318808]
Event: 26.369 Thread 0x000001947e701960 6324       3       org.codehaus.groovy.reflection.CachedClass$4::initValue (63 bytes)
Event: 26.370 Thread 0x000001947e701960 nmethod 6324 0x00000194003dea90 code [0x00000194003dece0, 0x00000194003df648]
Event: 26.370 Thread 0x000001947e701960 6325       3       org.gradle.internal.instantiation.generator.ParamsMatchingConstructorSelector::forParams (481 bytes)
Event: 26.371 Thread 0x000001947e701960 nmethod 6325 0x0000019400455810 code [0x0000019400455d80, 0x0000019400458e58]
Event: 26.371 Thread 0x000001947e701960 6326       3       org.gradle.internal.instantiation.generator.ParamsMatchingConstructorSelector::vetoParameters (1 bytes)
Event: 26.371 Thread 0x000001947e701960 nmethod 6326 0x000001940031ef10 code [0x000001940031f0a0, 0x000001940031f1b8]
Event: 26.376 Thread 0x000001947e6fec30 nmethod 6304 0x0000019407aea910 code [0x0000019407aeaae0, 0x0000019407aeb6a8]
Event: 26.376 Thread 0x000001947e6fec30 6315       4       groovy.lang.MetaClassImpl$1MOPIter::methodNameAction (325 bytes)
Event: 26.559 Thread 0x000001947e6fec30 nmethod 6315 0x0000019407d02090 code [0x0000019407d02760, 0x0000019407d08c10]
Event: 26.827 Thread 0x000001947e6fec30 6327       4       java.util.Arrays::fill (21 bytes)
Event: 26.830 Thread 0x000001947e6fec30 nmethod 6327 0x0000019407c8f690 code [0x0000019407c8f800, 0x0000019407c8f998]
Event: 26.835 Thread 0x000001947e701960 6328       3       sun.management.spi.PlatformMBeanProvider$PlatformComponent::getMBeans (87 bytes)
Event: 26.836 Thread 0x000001947e701960 nmethod 6328 0x00000194001e0f10 code [0x00000194001e1280, 0x00000194001e2858]
Event: 26.929 Thread 0x000001947e6fec30 6329       4       java.util.concurrent.locks.ReentrantLock$Sync::isHeldExclusively (16 bytes)
Event: 26.929 Thread 0x000001947e6fec30 nmethod 6329 0x0000019407c8f390 code [0x0000019407c8f500, 0x0000019407c8f598]
Event: 27.175 Thread 0x000001947e701960 6330       3       java.util.zip.ZipFile$Source$Key::hashCode (46 bytes)
Event: 27.175 Thread 0x000001947e701960 nmethod 6330 0x00000194003bb890 code [0x00000194003bba80, 0x00000194003bbe98]
Event: 27.660 Thread 0x000001947e701960 6331       1       com.google.common.collect.MapMakerInternalMap$AbstractStrongKeyEntry::getNext (2 bytes)
Event: 27.660 Thread 0x000001947e701960 nmethod 6331 0x0000019407d01d90 code [0x0000019407d01f20, 0x0000019407d01ff8]

GC Heap History (20 events):
Event: 20.766 GC heap before
{Heap before GC invocations=11 (full 0):
 garbage-first heap   total 71680K, used 55103K [0x0000000080000000, 0x0000000100000000)
  region size 1024K, 27 young (27648K), 3 survivors (3072K)
 Metaspace       used 45963K, committed 46336K, reserved 1114112K
  class space    used 6111K, committed 6272K, reserved 1048576K
}
Event: 20.771 GC heap after
{Heap after GC invocations=12 (full 0):
 garbage-first heap   total 71680K, used 33039K [0x0000000080000000, 0x0000000100000000)
  region size 1024K, 3 young (3072K), 3 survivors (3072K)
 Metaspace       used 45963K, committed 46336K, reserved 1114112K
  class space    used 6111K, committed 6272K, reserved 1048576K
}
Event: 21.749 GC heap before
{Heap before GC invocations=12 (full 0):
 garbage-first heap   total 71680K, used 49423K [0x0000000080000000, 0x0000000100000000)
  region size 1024K, 21 young (21504K), 3 survivors (3072K)
 Metaspace       used 48142K, committed 48576K, reserved 1114112K
  class space    used 6451K, committed 6656K, reserved 1048576K
}
Event: 21.751 GC heap after
{Heap after GC invocations=13 (full 0):
 garbage-first heap   total 71680K, used 34166K [0x0000000080000000, 0x0000000100000000)
  region size 1024K, 2 young (2048K), 2 survivors (2048K)
 Metaspace       used 48142K, committed 48576K, reserved 1114112K
  class space    used 6451K, committed 6656K, reserved 1048576K
}
Event: 22.923 GC heap before
{Heap before GC invocations=14 (full 0):
 garbage-first heap   total 71680K, used 57718K [0x0000000080000000, 0x0000000100000000)
  region size 1024K, 23 young (23552K), 2 survivors (2048K)
 Metaspace       used 51060K, committed 51520K, reserved 1114112K
  class space    used 6823K, committed 7040K, reserved 1048576K
}
Event: 22.925 GC heap after
{Heap after GC invocations=15 (full 0):
 garbage-first heap   total 71680K, used 34384K [0x0000000080000000, 0x0000000100000000)
  region size 1024K, 2 young (2048K), 2 survivors (2048K)
 Metaspace       used 51060K, committed 51520K, reserved 1114112K
  class space    used 6823K, committed 7040K, reserved 1048576K
}
Event: 24.034 GC heap before
{Heap before GC invocations=15 (full 0):
 garbage-first heap   total 71680K, used 56912K [0x0000000080000000, 0x0000000100000000)
  region size 1024K, 24 young (24576K), 2 survivors (2048K)
 Metaspace       used 53668K, committed 54144K, reserved 1114112K
  class space    used 7241K, committed 7424K, reserved 1048576K
}
Event: 24.037 GC heap after
{Heap after GC invocations=16 (full 0):
 garbage-first heap   total 71680K, used 35635K [0x0000000080000000, 0x0000000100000000)
  region size 1024K, 3 young (3072K), 3 survivors (3072K)
 Metaspace       used 53668K, committed 54144K, reserved 1114112K
  class space    used 7241K, committed 7424K, reserved 1048576K
}
Event: 25.876 GC heap before
{Heap before GC invocations=17 (full 0):
 garbage-first heap   total 71680K, used 57139K [0x0000000080000000, 0x0000000100000000)
  region size 1024K, 25 young (25600K), 3 survivors (3072K)
 Metaspace       used 54942K, committed 55424K, reserved 1114112K
  class space    used 7466K, committed 7680K, reserved 1048576K
}
Event: 25.881 GC heap after
{Heap after GC invocations=18 (full 0):
 garbage-first heap   total 71680K, used 38358K [0x0000000080000000, 0x0000000100000000)
  region size 1024K, 4 young (4096K), 4 survivors (4096K)
 Metaspace       used 54942K, committed 55424K, reserved 1114112K
  class space    used 7466K, committed 7680K, reserved 1048576K
}
Event: 26.048 GC heap before
{Heap before GC invocations=18 (full 0):
 garbage-first heap   total 71680K, used 55766K [0x0000000080000000, 0x0000000100000000)
  region size 1024K, 22 young (22528K), 4 survivors (4096K)
 Metaspace       used 55185K, committed 55680K, reserved 1114112K
  class space    used 7467K, committed 7680K, reserved 1048576K
}
Event: 26.052 GC heap after
{Heap after GC invocations=19 (full 0):
 garbage-first heap   total 71680K, used 39224K [0x0000000080000000, 0x0000000100000000)
  region size 1024K, 1 young (1024K), 1 survivors (1024K)
 Metaspace       used 55185K, committed 55680K, reserved 1114112K
  class space    used 7467K, committed 7680K, reserved 1048576K
}
Event: 26.406 GC heap before
{Heap before GC invocations=20 (full 0):
 garbage-first heap   total 73728K, used 44344K [0x0000000080000000, 0x0000000100000000)
  region size 1024K, 7 young (7168K), 1 survivors (1024K)
 Metaspace       used 55434K, committed 55872K, reserved 1114112K
  class space    used 7504K, committed 7680K, reserved 1048576K
}
Event: 26.407 GC heap after
{Heap after GC invocations=21 (full 0):
 garbage-first heap   total 73728K, used 39577K [0x0000000080000000, 0x0000000100000000)
  region size 1024K, 2 young (2048K), 2 survivors (2048K)
 Metaspace       used 55434K, committed 55872K, reserved 1114112K
  class space    used 7504K, committed 7680K, reserved 1048576K
}
Event: 26.561 GC heap before
{Heap before GC invocations=22 (full 0):
 garbage-first heap   total 73728K, used 40601K [0x0000000080000000, 0x0000000100000000)
  region size 1024K, 3 young (3072K), 2 survivors (2048K)
 Metaspace       used 55427K, committed 55872K, reserved 1114112K
  class space    used 7501K, committed 7680K, reserved 1048576K
}
Event: 26.562 GC heap after
{Heap after GC invocations=23 (full 0):
 garbage-first heap   total 73728K, used 40618K [0x0000000080000000, 0x0000000100000000)
  region size 1024K, 2 young (2048K), 2 survivors (2048K)
 Metaspace       used 55427K, committed 55872K, reserved 1114112K
  class space    used 7501K, committed 7680K, reserved 1048576K
}
Event: 27.008 GC heap before
{Heap before GC invocations=24 (full 0):
 garbage-first heap   total 76800K, used 42666K [0x0000000080000000, 0x0000000100000000)
  region size 1024K, 3 young (3072K), 2 survivors (2048K)
 Metaspace       used 55428K, committed 55872K, reserved 1114112K
  class space    used 7501K, committed 7680K, reserved 1048576K
}
Event: 27.010 GC heap after
{Heap after GC invocations=25 (full 0):
 garbage-first heap   total 76800K, used 42798K [0x0000000080000000, 0x0000000100000000)
  region size 1024K, 2 young (2048K), 2 survivors (2048K)
 Metaspace       used 55428K, committed 55872K, reserved 1114112K
  class space    used 7501K, committed 7680K, reserved 1048576K
}
Event: 27.696 GC heap before
{Heap before GC invocations=26 (full 0):
 garbage-first heap   total 78848K, used 43822K [0x0000000080000000, 0x0000000100000000)
  region size 1024K, 3 young (3072K), 2 survivors (2048K)
 Metaspace       used 55444K, committed 55872K, reserved 1114112K
  class space    used 7505K, committed 7680K, reserved 1048576K
}
Event: 27.698 GC heap after
{Heap after GC invocations=27 (full 0):
 garbage-first heap   total 78848K, used 44257K [0x0000000080000000, 0x0000000100000000)
  region size 1024K, 2 young (2048K), 2 survivors (2048K)
 Metaspace       used 55444K, committed 55872K, reserved 1114112K
  class space    used 7505K, committed 7680K, reserved 1048576K
}

Dll operation events (3 events):
Event: 0.007 Loaded shared library C:\Program Files\Android\Android Studio\jbr\bin\java.dll
Event: 0.230 Loaded shared library C:\Program Files\Android\Android Studio\jbr\bin\zip.dll
Event: 0.535 Loaded shared library C:\Program Files\Android\Android Studio\jbr\bin\verify.dll

Deoptimization events (20 events):
Event: 26.995 Thread 0x00000194717f1f90 Uncommon trap: trap_request=0xffffff45 fr.pc=0x0000019407c57e44 relative=0x00000000000017e4
Event: 26.995 Thread 0x00000194717f1f90 Uncommon trap: reason=unstable_if action=reinterpret pc=0x0000019407c57e44 method=java.util.zip.ZipFile.getInputStream(Ljava/util/zip/ZipEntry;)Ljava/io/InputStream; @ 101 c2
Event: 26.995 Thread 0x00000194717f1f90 DEOPT PACKING pc=0x0000019407c57e44 sp=0x000000217f4f8990
Event: 26.995 Thread 0x00000194717f1f90 DEOPT UNPACKING pc=0x00000194075869a3 sp=0x000000217f4f8948 mode 2
Event: 27.525 Thread 0x00000194717f1f90 Uncommon trap: trap_request=0xffffff76 fr.pc=0x0000019407d23e24 relative=0x0000000000000204
Event: 27.525 Thread 0x00000194717f1f90 Uncommon trap: reason=predicate action=maybe_recompile pc=0x0000019407d23e24 method=sun.instrument.TransformerManager.transform(Ljava/lang/Module;Ljava/lang/ClassLoader;Ljava/lang/String;Ljava/lang/Class;Ljava/security/ProtectionDomain;[B)[B @ 21 c2
Event: 27.525 Thread 0x00000194717f1f90 DEOPT PACKING pc=0x0000019407d23e24 sp=0x000000217f4f7880
Event: 27.525 Thread 0x00000194717f1f90 DEOPT UNPACKING pc=0x00000194075869a3 sp=0x000000217f4f7790 mode 2
Event: 27.525 Thread 0x00000194717f1f90 Uncommon trap: trap_request=0xffffff45 fr.pc=0x0000019407d24bcc relative=0x00000000000000ac
Event: 27.525 Thread 0x00000194717f1f90 Uncommon trap: reason=unstable_if action=reinterpret pc=0x0000019407d24bcc method=org.gradle.internal.agents.DefaultClassFileTransformer.transform(Ljava/lang/ClassLoader;Ljava/lang/String;Ljava/lang/Class;Ljava/security/ProtectionDomain;[B)[B @ 4 c2
Event: 27.525 Thread 0x00000194717f1f90 DEOPT PACKING pc=0x0000019407d24bcc sp=0x000000217f4f7740
Event: 27.525 Thread 0x00000194717f1f90 DEOPT UNPACKING pc=0x00000194075869a3 sp=0x000000217f4f7658 mode 2
Event: 27.596 Thread 0x00000194717f1f90 Uncommon trap: trap_request=0xffffff76 fr.pc=0x0000019407d24640 relative=0x00000000000001a0
Event: 27.596 Thread 0x00000194717f1f90 Uncommon trap: reason=predicate action=maybe_recompile pc=0x0000019407d24640 method=sun.instrument.TransformerManager.transform(Ljava/lang/Module;Ljava/lang/ClassLoader;Ljava/lang/String;Ljava/lang/Class;Ljava/security/ProtectionDomain;[B)[B @ 21 c2
Event: 27.596 Thread 0x00000194717f1f90 DEOPT PACKING pc=0x0000019407d24640 sp=0x000000217f4f5e00
Event: 27.596 Thread 0x00000194717f1f90 DEOPT UNPACKING pc=0x00000194075869a3 sp=0x000000217f4f5da8 mode 2
Event: 27.596 Thread 0x00000194717f1f90 Uncommon trap: trap_request=0xffffff45 fr.pc=0x0000019407cd3424 relative=0x00000000000000a4
Event: 27.596 Thread 0x00000194717f1f90 Uncommon trap: reason=unstable_if action=reinterpret pc=0x0000019407cd3424 method=org.gradle.internal.agents.DefaultClassFileTransformer.transform(Ljava/lang/ClassLoader;Ljava/lang/String;Ljava/lang/Class;Ljava/security/ProtectionDomain;[B)[B @ 4 c2
Event: 27.596 Thread 0x00000194717f1f90 DEOPT PACKING pc=0x0000019407cd3424 sp=0x000000217f4f5ce0
Event: 27.596 Thread 0x00000194717f1f90 DEOPT UNPACKING pc=0x00000194075869a3 sp=0x000000217f4f5c80 mode 2

Classes unloaded (6 events):
Event: 26.431 Thread 0x000001947e520270 Unloading class 0x000000010079c800 'java/lang/invoke/LambdaForm$DMH+0x000000010079c800'
Event: 26.431 Thread 0x000001947e520270 Unloading class 0x000000010079c400 'java/lang/invoke/LambdaForm$DMH+0x000000010079c400'
Event: 26.431 Thread 0x000001947e520270 Unloading class 0x000000010079cc00 'java/lang/invoke/LambdaForm$DMH+0x000000010079cc00'
Event: 26.431 Thread 0x000001947e520270 Unloading class 0x0000000100794400 'java/lang/invoke/LambdaForm$DMH+0x0000000100794400'
Event: 26.431 Thread 0x000001947e520270 Unloading class 0x0000000100794c00 'java/lang/invoke/LambdaForm$DMH+0x0000000100794c00'
Event: 26.431 Thread 0x000001947e520270 Unloading class 0x0000000100794800 'java/lang/invoke/LambdaForm$DMH+0x0000000100794800'

Classes redefined (0 events):
No events

Internal exceptions (20 events):
Event: 23.973 Thread 0x00000194717f1f90 Exception <a 'java/lang/NoSuchMethodError'{0x0000000083064908}: 'java.lang.Object java.lang.invoke.DirectMethodHandle$Holder.newInvokeSpecial(java.lang.Object, java.lang.Object, int)'> (0x0000000083064908) 
thrown [s\src\hotspot\share\interpreter\linkResolver.cpp, line 771]
Event: 25.666 Thread 0x00000194717f1f90 Exception <a 'java/lang/NoSuchMethodError'{0x0000000083ade1f0}: 'java.lang.Object java.lang.invoke.DirectMethodHandle$Holder.newInvokeSpecial(java.lang.Object, java.lang.Object, java.lang.Object, java.lang.Object, int, java.lang.Object)'> (0x0000000083ade1f0) 
thrown [s\src\hotspot\share\interpreter\linkResolver.cpp, line 771]
Event: 25.666 Thread 0x00000194717f1f90 Exception <a 'java/lang/NoSuchMethodError'{0x0000000083ae3548}: 'java.lang.Object java.lang.invoke.Invokers$Holder.linkToTargetMethod(java.lang.Object, java.lang.Object, java.lang.Object, int, java.lang.Object, java.lang.Object)'> (0x0000000083ae3548) 
thrown [s\src\hotspot\share\interpreter\linkResolver.cpp, line 771]
Event: 25.701 Thread 0x0000019414a518b0 Exception <a 'java/lang/IncompatibleClassChangeError'{0x0000000083852640}: Found class java.lang.Object, but interface was expected> (0x0000000083852640) 
thrown [s\src\hotspot\share\interpreter\linkResolver.cpp, line 838]
Event: 25.701 Thread 0x0000019414a564a0 Exception <a 'java/lang/IncompatibleClassChangeError'{0x00000000838ff0c8}: Found class java.lang.Object, but interface was expected> (0x00000000838ff0c8) 
thrown [s\src\hotspot\share\interpreter\linkResolver.cpp, line 838]
Event: 25.813 Thread 0x0000019414a55a80 Exception <a 'java/lang/NoSuchMethodError'{0x00000000836fa1f0}: 'java.lang.Object java.lang.invoke.DirectMethodHandle$Holder.invokeVirtual(java.lang.Object, java.lang.Object, int)'> (0x00000000836fa1f0) 
thrown [s\src\hotspot\share\interpreter\linkResolver.cpp, line 771]
Event: 25.813 Thread 0x0000019414a564a0 Exception <a 'java/lang/NoSuchMethodError'{0x00000000836ee358}: 'java.lang.Object java.lang.invoke.DirectMethodHandle$Holder.invokeVirtual(java.lang.Object, java.lang.Object, int)'> (0x00000000836ee358) 
thrown [s\src\hotspot\share\interpreter\linkResolver.cpp, line 771]
Event: 25.813 Thread 0x0000019414a518b0 Exception <a 'java/lang/NoSuchMethodError'{0x000000008350edd0}: 'java.lang.Object java.lang.invoke.DirectMethodHandle$Holder.invokeVirtual(java.lang.Object, java.lang.Object, int)'> (0x000000008350edd0) 
thrown [s\src\hotspot\share\interpreter\linkResolver.cpp, line 771]
Event: 25.813 Thread 0x00000194717f1f90 Exception <a 'java/lang/NoSuchMethodError'{0x00000000838a8da8}: 'java.lang.Object java.lang.invoke.DirectMethodHandle$Holder.invokeVirtual(java.lang.Object, java.lang.Object, int)'> (0x00000000838a8da8) 
thrown [s\src\hotspot\share\interpreter\linkResolver.cpp, line 771]
Event: 26.248 Thread 0x00000194717f1f90 Exception <a 'java/lang/NoSuchMethodError'{0x00000000843576b8}: 'long java.lang.invoke.DirectMethodHandle$Holder.invokeVirtual(java.lang.Object, java.lang.Object)'> (0x00000000843576b8) 
thrown [s\src\hotspot\share\interpreter\linkResolver.cpp, line 771]
Event: 26.251 Thread 0x00000194717f0640 Exception <a 'java/lang/NoSuchMethodError'{0x00000000843b8130}: static Lorg/gradle/internal/build/event/types/DefaultOperationFinishedProgressEvent;.<clinit>()V> (0x00000000843b8130) 
thrown [s\src\hotspot\share\prims\jni.cpp, line 1108]
Event: 26.252 Thread 0x00000194717f0640 Exception <a 'java/lang/NoSuchMethodError'{0x00000000843e29c0}: static Lorg/gradle/internal/build/event/types/DefaultProjectConfigurationSuccessResult;.<clinit>()V> (0x00000000843e29c0) 
thrown [s\src\hotspot\share\prims\jni.cpp, line 1108]
Event: 26.252 Thread 0x00000194717f0640 Exception <a 'java/lang/NoSuchMethodError'{0x00000000843e3f58}: static Lorg/gradle/internal/build/event/types/AbstractProjectConfigurationResult;.<clinit>()V> (0x00000000843e3f58) 
thrown [s\src\hotspot\share\prims\jni.cpp, line 1108]
Event: 26.252 Thread 0x00000194717f0640 Exception <a 'java/lang/NoSuchMethodError'{0x00000000843e56a0}: static Lorg/gradle/internal/build/event/types/AbstractOperationResult;.<clinit>()V> (0x00000000843e56a0) 
thrown [s\src\hotspot\share\prims\jni.cpp, line 1108]
Event: 26.253 Thread 0x00000194717f0640 Exception <a 'java/lang/NoSuchMethodError'{0x00000000843e6b18}: static Lorg/gradle/internal/build/event/types/AbstractResult;.<clinit>()V> (0x00000000843e6b18) 
thrown [s\src\hotspot\share\prims\jni.cpp, line 1108]
Event: 26.254 Thread 0x00000194717f0640 Exception <a 'java/lang/NoSuchMethodError'{0x00000000843ff788}: static Lorg/gradle/internal/build/event/types/DefaultPluginApplicationResult;.<clinit>()V> (0x00000000843ff788) 
thrown [s\src\hotspot\share\prims\jni.cpp, line 1108]
Event: 26.254 Thread 0x00000194717f0640 Exception <a 'java/lang/NoSuchMethodError'{0x000000008420c928}: static Lorg/gradle/internal/build/event/types/DefaultBinaryPluginIdentifier;.<clinit>()V> (0x000000008420c928) 
thrown [s\src\hotspot\share\prims\jni.cpp, line 1108]
Event: 26.256 Thread 0x00000194717f0640 Exception <a 'java/lang/NoSuchMethodError'{0x0000000084226650}: static Lorg/gradle/internal/build/event/types/DefaultScriptPluginIdentifier;.<clinit>()V> (0x0000000084226650) 
thrown [s\src\hotspot\share\prims\jni.cpp, line 1108]
Event: 26.367 Thread 0x00000194717f1f90 Exception <a 'java/lang/ClassNotFoundException'{0x00000000842cb530}: build_1m1jkn86y2srye4h5px0ub0ksBeanInfo> (0x00000000842cb530) 
thrown [s\src\hotspot\share\classfile\systemDictionary.cpp, line 256]
Event: 26.367 Thread 0x00000194717f1f90 Exception <a 'java/lang/ClassNotFoundException'{0x00000000842d1e90}: build_1m1jkn86y2srye4h5px0ub0ksCustomizer> (0x00000000842d1e90) 
thrown [s\src\hotspot\share\classfile\systemDictionary.cpp, line 256]

VM Operations (20 events):
Event: 26.407 Executing VM operation: G1TryInitiateConcMark done
Event: 26.430 Executing VM operation: G1PauseRemark
Event: 26.435 Executing VM operation: G1PauseRemark done
Event: 26.449 Executing VM operation: G1PauseCleanup
Event: 26.449 Executing VM operation: G1PauseCleanup done
Event: 26.561 Executing VM operation: G1TryInitiateConcMark
Event: 26.562 Executing VM operation: G1TryInitiateConcMark done
Event: 26.586 Executing VM operation: G1PauseRemark
Event: 26.588 Executing VM operation: G1PauseRemark done
Event: 26.598 Executing VM operation: G1PauseCleanup
Event: 26.598 Executing VM operation: G1PauseCleanup done
Event: 27.008 Executing VM operation: G1TryInitiateConcMark
Event: 27.010 Executing VM operation: G1TryInitiateConcMark done
Event: 27.032 Executing VM operation: G1PauseRemark
Event: 27.034 Executing VM operation: G1PauseRemark done
Event: 27.044 Executing VM operation: G1PauseCleanup
Event: 27.044 Executing VM operation: G1PauseCleanup done
Event: 27.696 Executing VM operation: G1TryInitiateConcMark
Event: 27.698 Executing VM operation: G1TryInitiateConcMark done
Event: 27.726 Executing VM operation: G1PauseRemark

Events (20 events):
Event: 26.040 Thread 0x000001947e70aa40 flushing nmethod 0x0000019400a87410
Event: 26.040 Thread 0x000001947e70aa40 flushing nmethod 0x0000019400a8a610
Event: 26.040 Thread 0x000001947e70aa40 flushing nmethod 0x0000019400a8f310
Event: 26.040 Thread 0x000001947e70aa40 flushing nmethod 0x0000019400a90390
Event: 26.040 Thread 0x000001947e70aa40 flushing nmethod 0x0000019400a94610
Event: 26.040 Thread 0x000001947e70aa40 flushing nmethod 0x0000019400a99490
Event: 26.146 Thread 0x0000019414e238a0 Thread added: 0x0000019414e238a0
Event: 26.248 loading class java/util/stream/SortedOps
Event: 26.248 loading class java/util/stream/SortedOps done
Event: 26.248 loading class java/util/stream/SortedOps$OfRef
Event: 26.248 loading class java/util/stream/ReferencePipeline$StatefulOp
Event: 26.248 loading class java/util/stream/ReferencePipeline$StatefulOp done
Event: 26.248 loading class java/util/stream/SortedOps$OfRef done
Event: 26.249 loading class java/util/stream/SortedOps$RefSortingSink
Event: 26.249 loading class java/util/stream/SortedOps$AbstractRefSortingSink
Event: 26.249 loading class java/util/stream/SortedOps$AbstractRefSortingSink done
Event: 26.249 loading class java/util/stream/SortedOps$RefSortingSink done
Event: 26.255 loading class java/time/Ser
Event: 26.255 loading class java/time/Ser done
Event: 26.351 Thread 0x0000019414e22970 Thread added: 0x0000019414e22970


Dynamic libraries:
0x00007ff63c0d0000 - 0x00007ff63c0da000 	C:\Program Files\Android\Android Studio\jbr\bin\java.exe
0x00007ffe33210000 - 0x00007ffe33408000 	C:\Windows\SYSTEM32\ntdll.dll
0x00007ffe318a0000 - 0x00007ffe3195d000 	C:\Windows\System32\KERNEL32.DLL
0x00007ffe30bd0000 - 0x00007ffe30ec6000 	C:\Windows\System32\KERNELBASE.dll
0x00007ffe30ad0000 - 0x00007ffe30bd0000 	C:\Windows\System32\ucrtbase.dll
0x00007ffe12f70000 - 0x00007ffe12f87000 	C:\Program Files\Android\Android Studio\jbr\bin\jli.dll
0x00007ffe32470000 - 0x00007ffe3260e000 	C:\Windows\System32\USER32.dll
0x00007ffe31090000 - 0x00007ffe310b2000 	C:\Windows\System32\win32u.dll
0x00007ffe33060000 - 0x00007ffe3308c000 	C:\Windows\System32\GDI32.dll
0x00007ffe309b0000 - 0x00007ffe30aca000 	C:\Windows\System32\gdi32full.dll
0x00007ffe30ff0000 - 0x00007ffe3108d000 	C:\Windows\System32\msvcp_win.dll
0x00007ffe12c50000 - 0x00007ffe12c6b000 	C:\Program Files\Android\Android Studio\jbr\bin\VCRUNTIME140.dll
0x00007ffe162a0000 - 0x00007ffe1653a000 	C:\Windows\WinSxS\amd64_microsoft.windows.common-controls_6595b64144ccf1df_6.0.19041.3636_none_60b6a03d71f818d5\COMCTL32.dll
0x00007ffe32730000 - 0x00007ffe327ce000 	C:\Windows\System32\msvcrt.dll
0x00007ffe31960000 - 0x00007ffe31990000 	C:\Windows\System32\IMM32.DLL
0x00007ffe02970000 - 0x00007ffe02a86000 	C:\Program Files\Topaz OFD\Warsaw\wslbscr64.dll
0x00007ffe32620000 - 0x00007ffe326cf000 	C:\Windows\System32\ADVAPI32.dll
0x00007ffe31f50000 - 0x00007ffe31fec000 	C:\Windows\System32\sechost.dll
0x00007ffe31770000 - 0x00007ffe31896000 	C:\Windows\System32\RPCRT4.dll
0x00007ffe32840000 - 0x00007ffe32f84000 	C:\Windows\System32\SHELL32.dll
0x00007ffe2fa70000 - 0x00007ffe2faa3000 	C:\Windows\SYSTEM32\ntmarta.dll
0x00007ffe01dd0000 - 0x00007ffe01ec5000 	C:\Program Files\Topaz OFD\Warsaw\wslbscrwh64.dll
0x00007ffe2c3f0000 - 0x00007ffe2c3fc000 	C:\Program Files\Android\Android Studio\jbr\bin\vcruntime140_1.dll
0x00007ffdf7e00000 - 0x00007ffdf7e8d000 	C:\Program Files\Android\Android Studio\jbr\bin\msvcp140.dll
0x00007ffdf5100000 - 0x00007ffdf5d83000 	C:\Program Files\Android\Android Studio\jbr\bin\server\jvm.dll
0x00007ffe2fea0000 - 0x00007ffe2feeb000 	C:\Windows\SYSTEM32\POWRPROF.dll
0x00007ffe19ce0000 - 0x00007ffe19ce9000 	C:\Windows\SYSTEM32\WSOCK32.dll
0x0000019471ab0000 - 0x0000019471b1b000 	C:\Windows\System32\WS2_32.dll
0x00007ffe28560000 - 0x00007ffe28587000 	C:\Windows\SYSTEM32\WINMM.dll
0x00007ffe29060000 - 0x00007ffe2906a000 	C:\Windows\SYSTEM32\VERSION.dll
0x00007ffe2fd10000 - 0x00007ffe2fd22000 	C:\Windows\SYSTEM32\UMPDC.dll
0x00007ffe2e7d0000 - 0x00007ffe2e7e2000 	C:\Windows\SYSTEM32\kernel.appcore.dll
0x00007ffe24c20000 - 0x00007ffe24c2a000 	C:\Program Files\Android\Android Studio\jbr\bin\jimage.dll
0x00007ffe118d0000 - 0x00007ffe11ab4000 	C:\Windows\SYSTEM32\DBGHELP.DLL
0x00007ffe11890000 - 0x00007ffe118c4000 	C:\Windows\SYSTEM32\dbgcore.DLL
0x00007ffe30920000 - 0x00007ffe309a2000 	C:\Windows\System32\bcryptPrimitives.dll
0x00007ffe15c90000 - 0x00007ffe15c9e000 	C:\Program Files\Android\Android Studio\jbr\bin\instrument.dll
0x00007ffe12c80000 - 0x00007ffe12ca5000 	C:\Program Files\Android\Android Studio\jbr\bin\java.dll
0x00007ffe14360000 - 0x00007ffe14378000 	C:\Program Files\Android\Android Studio\jbr\bin\zip.dll
0x00007ffe2e9d0000 - 0x00007ffe2f16b000 	C:\Windows\SYSTEM32\windows.storage.dll
0x00007ffe31ff0000 - 0x00007ffe32344000 	C:\Windows\System32\combase.dll
0x00007ffe30330000 - 0x00007ffe3035d000 	C:\Windows\SYSTEM32\Wldp.dll
0x000001947ebb0000 - 0x000001947ec5d000 	C:\Windows\System32\SHCORE.dll
0x000001947ec60000 - 0x000001947ecb5000 	C:\Windows\System32\shlwapi.dll
0x00007ffe30820000 - 0x00007ffe30845000 	C:\Windows\SYSTEM32\profapi.dll
0x00007ffe13de0000 - 0x00007ffe13df9000 	C:\Program Files\Android\Android Studio\jbr\bin\net.dll
0x00007ffe28590000 - 0x00007ffe2869a000 	C:\Windows\SYSTEM32\WINHTTP.dll
0x00007ffe30090000 - 0x00007ffe300fa000 	C:\Windows\system32\mswsock.dll
0x00007ffe13510000 - 0x00007ffe13526000 	C:\Program Files\Android\Android Studio\jbr\bin\nio.dll
0x00007ffe23750000 - 0x00007ffe23760000 	C:\Program Files\Android\Android Studio\jbr\bin\verify.dll
0x00007ffe09600000 - 0x00007ffe09627000 	C:\Users\charles-pc\.gradle\native\c067742578af261105cb4f569cf0c3c89f3d7b1fecec35dd04571415982c5e48\windows-amd64\native-platform.dll
0x00007ffdf7cb0000 - 0x00007ffdf7df4000 	C:\Users\charles-pc\.gradle\native\38dada09dfb8b06ba9b0570ebf7e218e3eb74d4ef43ca46872605cf95ebc2f47\windows-amd64\native-platform-file-events.dll
0x00007ffe15f60000 - 0x00007ffe15f69000 	C:\Program Files\Android\Android Studio\jbr\bin\management.dll
0x00007ffe15e00000 - 0x00007ffe15e0b000 	C:\Program Files\Android\Android Studio\jbr\bin\management_ext.dll
0x00007ffe327d0000 - 0x00007ffe327d8000 	C:\Windows\System32\PSAPI.DLL
0x00007ffe30280000 - 0x00007ffe30298000 	C:\Windows\SYSTEM32\CRYPTSP.dll
0x00007ffe2f950000 - 0x00007ffe2f984000 	C:\Windows\system32\rsaenh.dll
0x00007ffe308f0000 - 0x00007ffe30917000 	C:\Windows\System32\bcrypt.dll
0x00007ffe307a0000 - 0x00007ffe307ce000 	C:\Windows\SYSTEM32\USERENV.dll
0x00007ffe302a0000 - 0x00007ffe302ac000 	C:\Windows\SYSTEM32\CRYPTBASE.dll
0x00007ffe2fd30000 - 0x00007ffe2fd6b000 	C:\Windows\SYSTEM32\IPHLPAPI.DLL
0x00007ffe32610000 - 0x00007ffe32618000 	C:\Windows\System32\NSI.dll
0x00007ffe28820000 - 0x00007ffe28837000 	C:\Windows\SYSTEM32\dhcpcsvc6.DLL
0x00007ffe28be0000 - 0x00007ffe28bfd000 	C:\Windows\SYSTEM32\dhcpcsvc.DLL
0x00007ffe2fd80000 - 0x00007ffe2fe4a000 	C:\Windows\SYSTEM32\DNSAPI.dll
0x00007ffe161f0000 - 0x00007ffe161f9000 	C:\Program Files\Android\Android Studio\jbr\bin\extnet.dll
0x00007ffe1bca0000 - 0x00007ffe1bca7000 	C:\Windows\system32\wshunix.dll

dbghelp: loaded successfully - version: 4.0.5 - missing functions: none
symbol engine: initialized successfully - sym options: 0x614 - pdb path: .;C:\Program Files\Android\Android Studio\jbr\bin;C:\Windows\SYSTEM32;C:\Windows\WinSxS\amd64_microsoft.windows.common-controls_6595b64144ccf1df_6.0.19041.3636_none_60b6a03d71f818d5;C:\Program Files\Topaz OFD\Warsaw;C:\Program Files\Android\Android Studio\jbr\bin\server;C:\Users\charles-pc\.gradle\native\c067742578af261105cb4f569cf0c3c89f3d7b1fecec35dd04571415982c5e48\windows-amd64;C:\Users\charles-pc\.gradle\native\38dada09dfb8b06ba9b0570ebf7e218e3eb74d4ef43ca46872605cf95ebc2f47\windows-amd64

VM Arguments:
jvm_args: --add-opens=java.base/java.util=ALL-UNNAMED --add-opens=java.base/java.lang=ALL-UNNAMED --add-opens=java.base/java.lang.invoke=ALL-UNNAMED --add-opens=java.prefs/java.util.prefs=ALL-UNNAMED --add-opens=java.base/java.nio.charset=ALL-UNNAMED --add-opens=java.base/java.net=ALL-UNNAMED --add-opens=java.base/java.util.concurrent.atomic=ALL-UNNAMED -Xmx2048m -Dfile.encoding=UTF-8 -Duser.country=BR -Duser.language=pt -Duser.variant -javaagent:C:\Users\charles-pc\.gradle\wrapper\dists\gradle-8.6-bin\afr5mpiioh2wthjmwnkmdsd5w\gradle-8.6\lib\agents\gradle-instrumentation-agent-8.6.jar 
java_command: org.gradle.launcher.daemon.bootstrap.GradleDaemon 8.6
java_class_path (initial): C:\Users\charles-pc\.gradle\wrapper\dists\gradle-8.6-bin\afr5mpiioh2wthjmwnkmdsd5w\gradle-8.6\lib\gradle-launcher-8.6.jar
Launcher Type: SUN_STANDARD

[Global flags]
     intx CICompilerCount                          = 3                                         {product} {ergonomic}
     uint ConcGCThreads                            = 2                                         {product} {ergonomic}
     uint G1ConcRefinementThreads                  = 6                                         {product} {ergonomic}
   size_t G1HeapRegionSize                         = 1048576                                   {product} {ergonomic}
    uintx GCDrainStackTargetSize                   = 64                                        {product} {ergonomic}
   size_t InitialHeapSize                          = 134217728                                 {product} {ergonomic}
   size_t MarkStackSize                            = 4194304                                   {product} {ergonomic}
   size_t MaxHeapSize                              = 2147483648                                {product} {command line}
   size_t MaxNewSize                               = 1287651328                                {product} {ergonomic}
   size_t MinHeapDeltaBytes                        = 1048576                                   {product} {ergonomic}
   size_t MinHeapSize                              = 8388608                                   {product} {ergonomic}
    uintx NonNMethodCodeHeapSize                   = 5832780                                {pd product} {ergonomic}
    uintx NonProfiledCodeHeapSize                  = 122912730                              {pd product} {ergonomic}
    uintx ProfiledCodeHeapSize                     = 122912730                              {pd product} {ergonomic}
    uintx ReservedCodeCacheSize                    = 251658240                              {pd product} {ergonomic}
     bool SegmentedCodeCache                       = true                                      {product} {ergonomic}
   size_t SoftMaxHeapSize                          = 2147483648                             {manageable} {ergonomic}
     bool UseCompressedClassPointers               = true                           {product lp64_product} {ergonomic}
     bool UseCompressedOops                        = true                           {product lp64_product} {ergonomic}
     bool UseG1GC                                  = true                                      {product} {ergonomic}
     bool UseLargePagesIndividualAllocation        = false                                  {pd product} {ergonomic}

Logging:
Log output configuration:
 #0: stdout all=warning uptime,level,tags
 #1: stderr all=off uptime,level,tags

Environment Variables:
PATH=C:\Python312\Scripts\;C:\Python312\;C:\Program Files\Java\jdk-20\bin;C:\Windows\system32;C:\Windows;C:\Windows\System32\Wbem;C:\Windows\System32\WindowsPowerShell\v1.0\;C:\Windows\System32\OpenSSH\;C:\Program Files\WireGuard\;C:\ProgramData\UNIVALI\Portugol Studio;C:\Program Files\Git\cmd;C:\Program Files\nodejs\;C:\ProgramData\chocolatey\bin;C:\Users\charles-pc\AppData\Local\Microsoft\WindowsApps;C:\Users\charles-pc\AppData\Local\Programs\Microsoft VS Code\bin;C:\Program Files\Git\bin;C:\Program Files\Git\cmd;C:\Program Files\JetBrains\IntelliJ IDEA Community Edition 2023.1.2\bin;;C:\Users\charles-pc\AppData\Roaming\npm
USERNAME=charles-pc
OS=Windows_NT
PROCESSOR_IDENTIFIER=AMD64 Family 23 Model 8 Stepping 2, AuthenticAMD
TMP=C:\Users\CHARLE~1\AppData\Local\Temp
TEMP=C:\Users\CHARLE~1\AppData\Local\Temp



Periodic native trim disabled

JNI global refs:
JNI global refs: 24, weak refs: 0

JNI global refs memory usage: 843, weak refs: 209

OOME stack traces (most recent first):
Classloader memory used:
Loader org.gradle.internal.classloader.VisitableURLClassLoader                         : 3361K
Loader bootstrap                                                                       : 2413K
Loader org.gradle.initialization.MixInLegacyTypesClassLoader                           : 1036K
Loader jdk.internal.loader.ClassLoaders$PlatformClassLoader                            : 67945B
Loader jdk.internal.loader.ClassLoaders$AppClassLoader                                 : 28729B
Loader jdk.internal.reflect.DelegatingClassLoader                                      : 14091B
Loader org.gradle.groovy.scripts.internal.DefaultScriptCompilationHandler$ScriptClassLoader: 9187B
Loader org.codehaus.groovy.runtime.callsite.CallSiteClassLoader                        : 1520B
Loader org.gradle.internal.classloader.VisitableURLClassLoader$InstrumentingVisitableURLClassLoader: 577B

Classes loaded by more than one classloader:
Class org.gradle.internal.installation.GradleInstallation                             : loaded 2 times (x 73B)
Class org.gradle.internal.classpath.ClassPath                                         : loaded 2 times (x 68B)
Class org.gradle.api.internal.classpath.DefaultModuleRegistry                         : loaded 2 times (x 84B)
Class org.gradle.api.Action                                                           : loaded 2 times (x 68B)
Class org.gradle.api.internal.DefaultClassPathProvider                                : loaded 2 times (x 74B)
Class org.gradle.internal.installation.GradleInstallation$1                           : loaded 2 times (x 73B)
Class org.gradle.internal.classloader.FilteringClassLoader                            : loaded 2 times (x 103B)
Class org.gradle.internal.classpath.DefaultClassPath$ImmutableUniqueList$Builder      : loaded 2 times (x 73B)
Class org.gradle.internal.classloader.ClassLoaderVisitor                              : loaded 2 times (x 74B)
Class org.gradle.internal.service.DefaultServiceLocator                               : loaded 2 times (x 81B)
Class org.gradle.internal.service.UnknownServiceException                             : loaded 2 times (x 81B)
Class org.gradle.internal.classloader.DefaultClassLoaderFactory                       : loaded 2 times (x 80B)
Class org.gradle.internal.classloader.VisitableURLClassLoader$Spec                    : loaded 2 times (x 72B)
Class org.gradle.api.GradleException                                                  : loaded 2 times (x 80B)
Class org.gradle.api.internal.classpath.ModuleRegistry                                : loaded 2 times (x 68B)
Class org.gradle.api.internal.ClassPathProvider                                       : loaded 2 times (x 68B)
Class org.gradle.internal.classloader.ClasspathUtil$1                                 : loaded 2 times (x 74B)
Class org.gradle.internal.classloader.ClassLoaderFactory                              : loaded 2 times (x 68B)
Class org.gradle.api.internal.classpath.ManifestUtil                                  : loaded 2 times (x 69B)
Class org.gradle.api.specs.Spec                                                       : loaded 2 times (x 68B)
Class org.gradle.internal.IoActions                                                   : loaded 2 times (x 69B)
Class org.gradle.api.internal.classpath.EffectiveClassPath                            : loaded 2 times (x 88B)
Class org.gradle.internal.installation.CurrentGradleInstallation                      : loaded 2 times (x 71B)
Class org.gradle.internal.agents.InstrumentingClassLoader                             : loaded 2 times (x 68B)
Class org.gradle.internal.installation.CurrentGradleInstallationLocator               : loaded 2 times (x 69B)
Class org.gradle.api.internal.classpath.Module                                        : loaded 2 times (x 68B)
Class org.gradle.internal.service.CachingServiceLocator                               : loaded 2 times (x 80B)
Class org.gradle.internal.classpath.DefaultClassPath                                  : loaded 2 times (x 88B)
Class org.gradle.internal.classloader.SystemClassLoaderSpec                           : loaded 2 times (x 69B)
Class org.gradle.api.UncheckedIOException                                             : loaded 2 times (x 80B)
Class org.gradle.internal.classloader.ClasspathUtil                                   : loaded 2 times (x 69B)
Class org.gradle.api.internal.DefaultClassPathRegistry                                : loaded 2 times (x 74B)
Class org.gradle.api.internal.classpath.DefaultModuleRegistry$DefaultModule           : loaded 2 times (x 84B)
Class settings_ag7f52wnqwz0kq62g334jvvvj$_run_closure1$_closure2                      : loaded 2 times (x 137B)
Class org.gradle.api.internal.classpath.UnknownModuleException                        : loaded 2 times (x 80B)
Class org.gradle.internal.service.ServiceLookupException                              : loaded 2 times (x 80B)
Class org.gradle.cache.GlobalCache                                                    : loaded 2 times (x 68B)
Class [Lorg.gradle.api.internal.ClassPathProvider;                                    : loaded 2 times (x 67B)
Class org.gradle.util.internal.GUtil                                                  : loaded 2 times (x 69B)
Class settings_ag7f52wnqwz0kq62g334jvvvj                                              : loaded 2 times (x 177B)
Class org.gradle.internal.classloader.ClassLoaderSpec                                 : loaded 2 times (x 69B)
Class org.gradle.internal.classloader.VisitableURLClassLoader                         : loaded 2 times (x 115B)
Class settings_ag7f52wnqwz0kq62g334jvvvj$_run_closure1                                : loaded 2 times (x 137B)
Class org.gradle.internal.Cast                                                        : loaded 2 times (x 69B)
Class org.gradle.api.internal.ClassPathRegistry                                       : loaded 2 times (x 68B)
Class org.gradle.internal.classloader.VisitableURLClassLoader$InstrumentingVisitableURLClassLoader: loaded 2 times (x 121B)
Class org.gradle.internal.classloader.ClassLoaderHierarchy                            : loaded 2 times (x 68B)
Class org.gradle.internal.InternalTransformer                                         : loaded 2 times (x 68B)
Class org.gradle.internal.service.ServiceLocator                                      : loaded 2 times (x 68B)
Class org.gradle.internal.classpath.DefaultClassPath$ImmutableUniqueList              : loaded 2 times (x 159B)
Class org.gradle.internal.classpath.TransformedClassPath                              : loaded 2 times (x 94B)


---------------  S Y S T E M  ---------------

OS:
 Windows 10 , 64 bit Build 19041 (10.0.19041.3636)
OS uptime: 2 days 2:52 hours

CPU: total 6 (initial active 6) (12 cores per cpu, 2 threads per core) family 23 model 8 stepping 2 microcode 0x0, cx8, cmov, fxsr, ht, mmx, 3dnowpref, sse, sse2, sse3, ssse3, sse4a, sse4.1, sse4.2, popcnt, lzcnt, tsc, tscinvbit, avx, avx2, aes, clmul, bmi1, bmi2, adx, sha, fma, vzeroupper, clflush, clflushopt
Processor Information for processor 0
  Max Mhz: 3200, Current Mhz: 2800, Mhz Limit: 3200
Processor Information for processor 1
  Max Mhz: 3200, Current Mhz: 2800, Mhz Limit: 3200
Processor Information for processor 2
  Max Mhz: 3200, Current Mhz: 3200, Mhz Limit: 3200
Processor Information for processor 3
  Max Mhz: 3200, Current Mhz: 3200, Mhz Limit: 3200
Processor Information for processor 4
  Max Mhz: 3200, Current Mhz: 3200, Mhz Limit: 3200
Processor Information for processor 5
  Max Mhz: 3200, Current Mhz: 3200, Mhz Limit: 3200

Memory: 4k page, system-wide physical 8122M (269M free)
TotalPageFile size 12122M (AvailPageFile size 4M)
current process WorkingSet (physical memory assigned to process): 236M, peak: 236M
current process commit charge ("private bytes"): 269M, peak: 273M

vm_info: OpenJDK 64-Bit Server VM (17.0.10+0--11572160) for windows-amd64 JRE (17.0.10+0--11572160), built on Mar 13 2024 23:56:38 by "androidbuild" with MS VC++ 16.10 / 16.11 (VS2019)

END.
